[debug] [2021-03-18T13:50:06.666Z] ----------------------------------------------------------------------
[debug] [2021-03-18T13:50:06.668Z] Command:       C:\Program Files\nodejs\node.exe C:\Users\jelen\AppData\Roaming\npm\node_modules\firebase-tools\lib\bin\firebase.js emulators:start --only functions
[debug] [2021-03-18T13:50:06.668Z] CLI Version:   9.6.1
[debug] [2021-03-18T13:50:06.668Z] Platform:      win32
[debug] [2021-03-18T13:50:06.668Z] Node Version:  v12.18.3
[debug] [2021-03-18T13:50:06.669Z] Time:          Thu Mar 18 2021 14:50:06 GMT+0100 (Central European Standard Time)
[debug] [2021-03-18T13:50:06.670Z] ----------------------------------------------------------------------
[debug] [2021-03-18T13:50:06.670Z] 
[debug] [2021-03-18T13:50:06.678Z] > command requires scopes: ["email","openid","https://www.googleapis.com/auth/cloudplatformprojects.readonly","https://www.googleapis.com/auth/firebase","https://www.googleapis.com/auth/cloud-platform"]
[debug] [2021-03-18T13:50:06.679Z] > authorizing via signed-in user
[info] i  emulators: Starting emulators: functions {"metadata":{"emulator":{"name":"hub"},"message":"Starting emulators: functions"}}
[debug] [2021-03-18T13:50:08.727Z] [hub] writing locator at C:\Users\jelen\AppData\Local\Temp\hub-search-app-e9578.json
[warn] !  functions: The following emulators are not running, calls to these services from the Functions emulator will affect production: auth, firestore, database, hosting, pubsub {"metadata":{"emulator":{"name":"functions"},"message":"The following emulators are not running, calls to these services from the Functions emulator will affect production: \u001b[1mauth, firestore, database, hosting, pubsub\u001b[22m"}}
[info] +  functions: Using node@12 from host. {"metadata":{"emulator":{"name":"functions"},"message":"Using node@12 from host."}}
[debug] [2021-03-18T13:50:10.791Z] defaultcredentials: writing to file C:\Users\jelen\AppData\Roaming\firebase\jelenadugonjic_gmail_com_application_default_credentials.json
[debug] [2021-03-18T13:50:10.793Z] Setting GAC to C:\Users\jelen\AppData\Roaming\firebase\jelenadugonjic_gmail_com_application_default_credentials.json {"metadata":{"emulator":{"name":"functions"},"message":"Setting GAC to C:\\Users\\jelen\\AppData\\Roaming\\firebase\\jelenadugonjic_gmail_com_application_default_credentials.json"}}
[debug] [2021-03-18T13:50:10.798Z] >>> [apiv2][query] GET https://firebase.googleapis.com/v1beta1/projects/search-app-e9578/adminSdkConfig [none]
[debug] [2021-03-18T13:50:11.273Z] <<< [apiv2][status] GET https://firebase.googleapis.com/v1beta1/projects/search-app-e9578/adminSdkConfig 200
[debug] [2021-03-18T13:50:11.273Z] <<< [apiv2][body] GET https://firebase.googleapis.com/v1beta1/projects/search-app-e9578/adminSdkConfig {"projectId":"search-app-e9578","storageBucket":"search-app-e9578.appspot.com"}
[info] i  ui: downloading ui-v1.4.2.zip... {"metadata":{"emulator":{"name":"ui"},"message":"downloading ui-v1.4.2.zip..."}}
[debug] [2021-03-18T13:50:15.381Z] >>> [apiv2][query] GET https://storage.googleapis.com/firebase-preview-drop/emulator/ui-v1.4.2.zip [none]
[debug] [2021-03-18T13:50:15.560Z] <<< [apiv2][status] GET https://storage.googleapis.com/firebase-preview-drop/emulator/ui-v1.4.2.zip 200
[debug] [2021-03-18T13:50:15.561Z] <<< [apiv2][body] GET https://storage.googleapis.com/firebase-preview-drop/emulator/ui-v1.4.2.zip [stream]
[info] i  ui: Removing outdated emulator files: ui-v1.2.2 {"metadata":{"emulator":{"name":"ui"},"message":"Removing outdated emulator files: ui-v1.2.2"}}
[info] i  ui: Removing outdated emulator files: ui-v1.2.2.zip {"metadata":{"emulator":{"name":"ui"},"message":"Removing outdated emulator files: ui-v1.2.2.zip"}}
[debug] [2021-03-18T13:50:16.652Z] Ignoring unsupported arg: auto_download {"metadata":{"emulator":{"name":"ui"},"message":"Ignoring unsupported arg: auto_download"}}
[debug] [2021-03-18T13:50:16.653Z] Ignoring unsupported arg: port {"metadata":{"emulator":{"name":"ui"},"message":"Ignoring unsupported arg: port"}}
[debug] [2021-03-18T13:50:16.653Z] Starting Emulator UI with command {"binary":"node","args":["C:\\Users\\jelen\\.cache\\firebase\\emulators\\ui-v1.4.2\\server.bundle.js"],"optionalArgs":[],"joinArgs":false} {"metadata":{"emulator":{"name":"ui"},"message":"Starting Emulator UI with command {\"binary\":\"node\",\"args\":[\"C:\\\\Users\\\\jelen\\\\.cache\\\\firebase\\\\emulators\\\\ui-v1.4.2\\\\server.bundle.js\"],\"optionalArgs\":[],\"joinArgs\":false}"}}
[info] i  ui: Emulator UI logging to ui-debug.log {"metadata":{"emulator":{"name":"ui"},"message":"Emulator UI logging to \u001b[1mui-debug.log\u001b[22m"}}
[debug] [2021-03-18T13:50:16.838Z] Web / API server started at http://localhost:4000
 {"metadata":{"emulator":{"name":"ui"},"message":"Web / API server started at http://localhost:4000\n"}}
[info] i  functions: Watching "D:\JavaScript Course\firebase-functions\frontend-search-app\functions" for Cloud Functions... {"metadata":{"emulator":{"name":"functions"},"message":"Watching \"D:\\JavaScript Course\\firebase-functions\\frontend-search-app\\functions\" for Cloud Functions..."}}
[debug] [2021-03-18T13:50:17.206Z] [worker-pool] addWorker(~diagnostic~) {"metadata":{"emulator":{"name":"functions"},"message":"[worker-pool] addWorker(~diagnostic~)"}}
[debug] [2021-03-18T13:50:17.206Z] [worker-pool] Adding worker with key ~diagnostic~, total=1 {"metadata":{"emulator":{"name":"functions"},"message":"[worker-pool] Adding worker with key ~diagnostic~, total=1"}}
[debug] [2021-03-18T13:50:17.206Z] [worker-pool] submitWork(triggerId=) {"metadata":{"emulator":{"name":"functions"},"message":"[worker-pool] submitWork(triggerId=)"}}
[debug] [2021-03-18T13:50:17.207Z] [worker-~diagnostic~-6432878c-b49b-4abe-9348-b963eab79aa1]: Assigning socketPath: \\?\pipe\D:\JavaScript Course\firebase-functions\frontend-search-app\functions\20084 {"metadata":{"emulator":{"name":"functions"},"message":"[worker-~diagnostic~-6432878c-b49b-4abe-9348-b963eab79aa1]: Assigning socketPath: \\\\?\\pipe\\D:\\JavaScript Course\\firebase-functions\\frontend-search-app\\functions\\20084"}}
[debug] [2021-03-18T13:50:17.207Z] [worker-~diagnostic~-6432878c-b49b-4abe-9348-b963eab79aa1]: BUSY {"metadata":{"emulator":{"name":"functions"},"message":"[worker-~diagnostic~-6432878c-b49b-4abe-9348-b963eab79aa1]: BUSY"}}
[debug] [2021-03-18T13:50:17.479Z] [runtime-status] [20084] Functions runtime initialized. {"cwd":"D:\\JavaScript Course\\firebase-functions\\frontend-search-app\\functions","node_version":"12.18.3"} {"metadata":{"emulator":{"name":"functions"},"message":"[runtime-status] [20084] Functions runtime initialized. {\"cwd\":\"D:\\\\JavaScript Course\\\\firebase-functions\\\\frontend-search-app\\\\functions\",\"node_version\":\"12.18.3\"}"}}
[debug] [2021-03-18T13:50:17.479Z] [runtime-status] [20084] Disabled runtime features: undefined {"metadata":{"emulator":{"name":"functions"},"message":"[runtime-status] [20084] Disabled runtime features: undefined"}}
[debug] [2021-03-18T13:50:17.484Z] [runtime-status] [20084] Resolved module firebase-admin {"declared":true,"installed":true,"version":"9.5.0","resolution":"D:\\JavaScript Course\\firebase-functions\\frontend-search-app\\functions\\node_modules\\firebase-admin\\lib\\index.js"} {"metadata":{"emulator":{"name":"functions"},"message":"[runtime-status] [20084] Resolved module firebase-admin {\"declared\":true,\"installed\":true,\"version\":\"9.5.0\",\"resolution\":\"D:\\\\JavaScript Course\\\\firebase-functions\\\\frontend-search-app\\\\functions\\\\node_modules\\\\firebase-admin\\\\lib\\\\index.js\"}"}}
[debug] [2021-03-18T13:50:17.487Z] [runtime-status] [20084] Resolved module firebase-functions {"declared":true,"installed":true,"version":"3.13.2","resolution":"D:\\JavaScript Course\\firebase-functions\\frontend-search-app\\functions\\node_modules\\firebase-functions\\lib\\index.js"} {"metadata":{"emulator":{"name":"functions"},"message":"[runtime-status] [20084] Resolved module firebase-functions {\"declared\":true,\"installed\":true,\"version\":\"3.13.2\",\"resolution\":\"D:\\\\JavaScript Course\\\\firebase-functions\\\\frontend-search-app\\\\functions\\\\node_modules\\\\firebase-functions\\\\lib\\\\index.js\"}"}}
[debug] [2021-03-18T13:50:17.488Z] [runtime-status] [20084] Resolved module firebase-functions {"declared":true,"installed":true,"version":"3.13.2","resolution":"D:\\JavaScript Course\\firebase-functions\\frontend-search-app\\functions\\node_modules\\firebase-functions\\lib\\index.js"} {"metadata":{"emulator":{"name":"functions"},"message":"[runtime-status] [20084] Resolved module firebase-functions {\"declared\":true,\"installed\":true,\"version\":\"3.13.2\",\"resolution\":\"D:\\\\JavaScript Course\\\\firebase-functions\\\\frontend-search-app\\\\functions\\\\node_modules\\\\firebase-functions\\\\lib\\\\index.js\"}"}}
[debug] [2021-03-18T13:50:17.490Z] [runtime-status] [20084] Outgoing network have been stubbed. [{"name":"http","status":"mocked"},{"name":"http","status":"mocked"},{"name":"https","status":"mocked"},{"name":"https","status":"mocked"},{"name":"net","status":"mocked"}] {"metadata":{"emulator":{"name":"functions"},"message":"[runtime-status] [20084] Outgoing network have been stubbed. [{\"name\":\"http\",\"status\":\"mocked\"},{\"name\":\"http\",\"status\":\"mocked\"},{\"name\":\"https\",\"status\":\"mocked\"},{\"name\":\"https\",\"status\":\"mocked\"},{\"name\":\"net\",\"status\":\"mocked\"}]"}}
[debug] [2021-03-18T13:50:17.491Z] [runtime-status] [20084] Resolved module firebase-functions {"declared":true,"installed":true,"version":"3.13.2","resolution":"D:\\JavaScript Course\\firebase-functions\\frontend-search-app\\functions\\node_modules\\firebase-functions\\lib\\index.js"} {"metadata":{"emulator":{"name":"functions"},"message":"[runtime-status] [20084] Resolved module firebase-functions {\"declared\":true,\"installed\":true,\"version\":\"3.13.2\",\"resolution\":\"D:\\\\JavaScript Course\\\\firebase-functions\\\\frontend-search-app\\\\functions\\\\node_modules\\\\firebase-functions\\\\lib\\\\index.js\"}"}}
[debug] [2021-03-18T13:50:17.583Z] [runtime-status] [20084] Checked functions.config() {"config":{}} {"metadata":{"emulator":{"name":"functions"},"message":"[runtime-status] [20084] Checked functions.config() {\"config\":{}}"}}
[debug] [2021-03-18T13:50:17.583Z] [runtime-status] [20084] firebase-functions has been stubbed. {"functionsResolution":{"declared":true,"installed":true,"version":"3.13.2","resolution":"D:\\JavaScript Course\\firebase-functions\\frontend-search-app\\functions\\node_modules\\firebase-functions\\lib\\index.js"}} {"metadata":{"emulator":{"name":"functions"},"message":"[runtime-status] [20084] firebase-functions has been stubbed. {\"functionsResolution\":{\"declared\":true,\"installed\":true,\"version\":\"3.13.2\",\"resolution\":\"D:\\\\JavaScript Course\\\\firebase-functions\\\\frontend-search-app\\\\functions\\\\node_modules\\\\firebase-functions\\\\lib\\\\index.js\"}}"}}
[debug] [2021-03-18T13:50:17.584Z] [runtime-status] [20084] Resolved module firebase-functions {"declared":true,"installed":true,"version":"3.13.2","resolution":"D:\\JavaScript Course\\firebase-functions\\frontend-search-app\\functions\\node_modules\\firebase-functions\\lib\\index.js"} {"metadata":{"emulator":{"name":"functions"},"message":"[runtime-status] [20084] Resolved module firebase-functions {\"declared\":true,\"installed\":true,\"version\":\"3.13.2\",\"resolution\":\"D:\\\\JavaScript Course\\\\firebase-functions\\\\frontend-search-app\\\\functions\\\\node_modules\\\\firebase-functions\\\\lib\\\\index.js\"}"}}
[debug] [2021-03-18T13:50:17.585Z] [runtime-status] [20084] Resolved module firebase-admin {"declared":true,"installed":true,"version":"9.5.0","resolution":"D:\\JavaScript Course\\firebase-functions\\frontend-search-app\\functions\\node_modules\\firebase-admin\\lib\\index.js"} {"metadata":{"emulator":{"name":"functions"},"message":"[runtime-status] [20084] Resolved module firebase-admin {\"declared\":true,\"installed\":true,\"version\":\"9.5.0\",\"resolution\":\"D:\\\\JavaScript Course\\\\firebase-functions\\\\frontend-search-app\\\\functions\\\\node_modules\\\\firebase-admin\\\\lib\\\\index.js\"}"}}
[debug] [2021-03-18T13:50:17.586Z] [runtime-status] [20084] Resolved module firebase-functions {"declared":true,"installed":true,"version":"3.13.2","resolution":"D:\\JavaScript Course\\firebase-functions\\frontend-search-app\\functions\\node_modules\\firebase-functions\\lib\\index.js"} {"metadata":{"emulator":{"name":"functions"},"message":"[runtime-status] [20084] Resolved module firebase-functions {\"declared\":true,\"installed\":true,\"version\":\"3.13.2\",\"resolution\":\"D:\\\\JavaScript Course\\\\firebase-functions\\\\frontend-search-app\\\\functions\\\\node_modules\\\\firebase-functions\\\\lib\\\\index.js\"}"}}
[debug] [2021-03-18T13:50:17.586Z] [runtime-status] [20084] firebase-admin has been stubbed. {"adminResolution":{"declared":true,"installed":true,"version":"9.5.0","resolution":"D:\\JavaScript Course\\firebase-functions\\frontend-search-app\\functions\\node_modules\\firebase-admin\\lib\\index.js"}} {"metadata":{"emulator":{"name":"functions"},"message":"[runtime-status] [20084] firebase-admin has been stubbed. {\"adminResolution\":{\"declared\":true,\"installed\":true,\"version\":\"9.5.0\",\"resolution\":\"D:\\\\JavaScript Course\\\\firebase-functions\\\\frontend-search-app\\\\functions\\\\node_modules\\\\firebase-admin\\\\lib\\\\index.js\"}}"}}
[info] +  functions[searchFunction]: http function initialized (http://localhost:5001/search-app-e9578/us-central1/searchFunction). {"metadata":{"emulator":{"name":"functions"},"message":"\u001b[1mhttp\u001b[22m function initialized (http://localhost:5001/search-app-e9578/us-central1/searchFunction)."}}
[info] 
┌─────────────────────────────────────────────────────────────┐
│ ✔  All emulators ready! It is now safe to connect your app. │
│ i  View Emulator UI at http://localhost:4000                │
└─────────────────────────────────────────────────────────────┘

┌───────────┬────────────────┬─────────────────────────────────┐
│ Emulator  │ Host:Port      │ View in Emulator UI             │
├───────────┼────────────────┼─────────────────────────────────┤
│ Functions │ localhost:5001 │ http://localhost:4000/functions │
└───────────┴────────────────┴─────────────────────────────────┘
  Emulator Hub running at localhost:4400
  Other reserved ports: 4500

Issues? Report them at https://github.com/firebase/firebase-tools/issues and attach the *-debug.log files.
 
[debug] [2021-03-18T13:50:17.599Z] [worker-~diagnostic~-6432878c-b49b-4abe-9348-b963eab79aa1]: IDLE {"metadata":{"emulator":{"name":"functions"},"message":"[worker-~diagnostic~-6432878c-b49b-4abe-9348-b963eab79aa1]: IDLE"}}
[debug] [2021-03-18T13:52:08.196Z] [work-queue] {"queueLength":1,"workRunningCount":0}
[debug] [2021-03-18T13:52:08.197Z] [work-queue] {"queueLength":0,"workRunningCount":1}
[debug] [2021-03-18T13:52:08.198Z] Accepted request GET /search-app-e9578/us-central1/searchFunction --> searchFunction
[debug] [2021-03-18T13:52:08.212Z] [worker-pool] addWorker(searchFunction) {"metadata":{"emulator":{"name":"functions"},"message":"[worker-pool] addWorker(searchFunction)"}}
[debug] [2021-03-18T13:52:08.213Z] [worker-pool] Adding worker with key searchFunction, total=1 {"metadata":{"emulator":{"name":"functions"},"message":"[worker-pool] Adding worker with key searchFunction, total=1"}}
[debug] [2021-03-18T13:52:08.213Z] [worker-pool] submitWork(triggerId=searchFunction) {"metadata":{"emulator":{"name":"functions"},"message":"[worker-pool] submitWork(triggerId=searchFunction)"}}
[debug] [2021-03-18T13:52:08.213Z] [worker-searchFunction-598763ce-6bc9-45d0-b791-397ab488caf4]: Assigning socketPath: \\?\pipe\D:\JavaScript Course\firebase-functions\frontend-search-app\functions\15792 {"metadata":{"emulator":{"name":"functions"},"message":"[worker-searchFunction-598763ce-6bc9-45d0-b791-397ab488caf4]: Assigning socketPath: \\\\?\\pipe\\D:\\JavaScript Course\\firebase-functions\\frontend-search-app\\functions\\15792"}}
[debug] [2021-03-18T13:52:08.213Z] [worker-searchFunction-598763ce-6bc9-45d0-b791-397ab488caf4]: BUSY {"metadata":{"emulator":{"name":"functions"},"message":"[worker-searchFunction-598763ce-6bc9-45d0-b791-397ab488caf4]: BUSY"}}
[debug] [2021-03-18T13:52:08.547Z] [runtime-status] [15792] Functions runtime initialized. {"cwd":"D:\\JavaScript Course\\firebase-functions\\frontend-search-app\\functions","node_version":"12.18.3"} {"metadata":{"emulator":{"name":"functions"},"function":{"name":"searchFunction"},"message":"[runtime-status] [15792] Functions runtime initialized. {\"cwd\":\"D:\\\\JavaScript Course\\\\firebase-functions\\\\frontend-search-app\\\\functions\",\"node_version\":\"12.18.3\"}"}}
[debug] [2021-03-18T13:52:08.548Z] [runtime-status] [15792] Disabled runtime features: undefined {"metadata":{"emulator":{"name":"functions"},"function":{"name":"searchFunction"},"message":"[runtime-status] [15792] Disabled runtime features: undefined"}}
[debug] [2021-03-18T13:52:08.555Z] [runtime-status] [15792] Resolved module firebase-admin {"declared":true,"installed":true,"version":"9.5.0","resolution":"D:\\JavaScript Course\\firebase-functions\\frontend-search-app\\functions\\node_modules\\firebase-admin\\lib\\index.js"} {"metadata":{"emulator":{"name":"functions"},"function":{"name":"searchFunction"},"message":"[runtime-status] [15792] Resolved module firebase-admin {\"declared\":true,\"installed\":true,\"version\":\"9.5.0\",\"resolution\":\"D:\\\\JavaScript Course\\\\firebase-functions\\\\frontend-search-app\\\\functions\\\\node_modules\\\\firebase-admin\\\\lib\\\\index.js\"}"}}
[debug] [2021-03-18T13:52:08.560Z] [runtime-status] [15792] Resolved module firebase-functions {"declared":true,"installed":true,"version":"3.13.2","resolution":"D:\\JavaScript Course\\firebase-functions\\frontend-search-app\\functions\\node_modules\\firebase-functions\\lib\\index.js"} {"metadata":{"emulator":{"name":"functions"},"function":{"name":"searchFunction"},"message":"[runtime-status] [15792] Resolved module firebase-functions {\"declared\":true,\"installed\":true,\"version\":\"3.13.2\",\"resolution\":\"D:\\\\JavaScript Course\\\\firebase-functions\\\\frontend-search-app\\\\functions\\\\node_modules\\\\firebase-functions\\\\lib\\\\index.js\"}"}}
[debug] [2021-03-18T13:52:08.562Z] [runtime-status] [15792] Resolved module firebase-functions {"declared":true,"installed":true,"version":"3.13.2","resolution":"D:\\JavaScript Course\\firebase-functions\\frontend-search-app\\functions\\node_modules\\firebase-functions\\lib\\index.js"} {"metadata":{"emulator":{"name":"functions"},"function":{"name":"searchFunction"},"message":"[runtime-status] [15792] Resolved module firebase-functions {\"declared\":true,\"installed\":true,\"version\":\"3.13.2\",\"resolution\":\"D:\\\\JavaScript Course\\\\firebase-functions\\\\frontend-search-app\\\\functions\\\\node_modules\\\\firebase-functions\\\\lib\\\\index.js\"}"}}
[debug] [2021-03-18T13:52:08.565Z] [runtime-status] [15792] Outgoing network have been stubbed. [{"name":"http","status":"mocked"},{"name":"http","status":"mocked"},{"name":"https","status":"mocked"},{"name":"https","status":"mocked"},{"name":"net","status":"mocked"}] {"metadata":{"emulator":{"name":"functions"},"function":{"name":"searchFunction"},"message":"[runtime-status] [15792] Outgoing network have been stubbed. [{\"name\":\"http\",\"status\":\"mocked\"},{\"name\":\"http\",\"status\":\"mocked\"},{\"name\":\"https\",\"status\":\"mocked\"},{\"name\":\"https\",\"status\":\"mocked\"},{\"name\":\"net\",\"status\":\"mocked\"}]"}}
[debug] [2021-03-18T13:52:08.566Z] [runtime-status] [15792] Resolved module firebase-functions {"declared":true,"installed":true,"version":"3.13.2","resolution":"D:\\JavaScript Course\\firebase-functions\\frontend-search-app\\functions\\node_modules\\firebase-functions\\lib\\index.js"} {"metadata":{"emulator":{"name":"functions"},"function":{"name":"searchFunction"},"message":"[runtime-status] [15792] Resolved module firebase-functions {\"declared\":true,\"installed\":true,\"version\":\"3.13.2\",\"resolution\":\"D:\\\\JavaScript Course\\\\firebase-functions\\\\frontend-search-app\\\\functions\\\\node_modules\\\\firebase-functions\\\\lib\\\\index.js\"}"}}
[debug] [2021-03-18T13:52:08.666Z] [runtime-status] [15792] Checked functions.config() {"config":{}} {"metadata":{"emulator":{"name":"functions"},"function":{"name":"searchFunction"},"message":"[runtime-status] [15792] Checked functions.config() {\"config\":{}}"}}
[debug] [2021-03-18T13:52:08.666Z] [runtime-status] [15792] firebase-functions has been stubbed. {"functionsResolution":{"declared":true,"installed":true,"version":"3.13.2","resolution":"D:\\JavaScript Course\\firebase-functions\\frontend-search-app\\functions\\node_modules\\firebase-functions\\lib\\index.js"}} {"metadata":{"emulator":{"name":"functions"},"function":{"name":"searchFunction"},"message":"[runtime-status] [15792] firebase-functions has been stubbed. {\"functionsResolution\":{\"declared\":true,\"installed\":true,\"version\":\"3.13.2\",\"resolution\":\"D:\\\\JavaScript Course\\\\firebase-functions\\\\frontend-search-app\\\\functions\\\\node_modules\\\\firebase-functions\\\\lib\\\\index.js\"}}"}}
[debug] [2021-03-18T13:52:08.667Z] [runtime-status] [15792] Resolved module firebase-functions {"declared":true,"installed":true,"version":"3.13.2","resolution":"D:\\JavaScript Course\\firebase-functions\\frontend-search-app\\functions\\node_modules\\firebase-functions\\lib\\index.js"} {"metadata":{"emulator":{"name":"functions"},"function":{"name":"searchFunction"},"message":"[runtime-status] [15792] Resolved module firebase-functions {\"declared\":true,\"installed\":true,\"version\":\"3.13.2\",\"resolution\":\"D:\\\\JavaScript Course\\\\firebase-functions\\\\frontend-search-app\\\\functions\\\\node_modules\\\\firebase-functions\\\\lib\\\\index.js\"}"}}
[debug] [2021-03-18T13:52:08.669Z] [runtime-status] [15792] Resolved module firebase-admin {"declared":true,"installed":true,"version":"9.5.0","resolution":"D:\\JavaScript Course\\firebase-functions\\frontend-search-app\\functions\\node_modules\\firebase-admin\\lib\\index.js"} {"metadata":{"emulator":{"name":"functions"},"function":{"name":"searchFunction"},"message":"[runtime-status] [15792] Resolved module firebase-admin {\"declared\":true,\"installed\":true,\"version\":\"9.5.0\",\"resolution\":\"D:\\\\JavaScript Course\\\\firebase-functions\\\\frontend-search-app\\\\functions\\\\node_modules\\\\firebase-admin\\\\lib\\\\index.js\"}"}}
[debug] [2021-03-18T13:52:08.673Z] [runtime-status] [15792] Resolved module firebase-functions {"declared":true,"installed":true,"version":"3.13.2","resolution":"D:\\JavaScript Course\\firebase-functions\\frontend-search-app\\functions\\node_modules\\firebase-functions\\lib\\index.js"} {"metadata":{"emulator":{"name":"functions"},"function":{"name":"searchFunction"},"message":"[runtime-status] [15792] Resolved module firebase-functions {\"declared\":true,\"installed\":true,\"version\":\"3.13.2\",\"resolution\":\"D:\\\\JavaScript Course\\\\firebase-functions\\\\frontend-search-app\\\\functions\\\\node_modules\\\\firebase-functions\\\\lib\\\\index.js\"}"}}
[debug] [2021-03-18T13:52:08.674Z] [runtime-status] [15792] firebase-admin has been stubbed. {"adminResolution":{"declared":true,"installed":true,"version":"9.5.0","resolution":"D:\\JavaScript Course\\firebase-functions\\frontend-search-app\\functions\\node_modules\\firebase-admin\\lib\\index.js"}} {"metadata":{"emulator":{"name":"functions"},"function":{"name":"searchFunction"},"message":"[runtime-status] [15792] firebase-admin has been stubbed. {\"adminResolution\":{\"declared\":true,\"installed\":true,\"version\":\"9.5.0\",\"resolution\":\"D:\\\\JavaScript Course\\\\firebase-functions\\\\frontend-search-app\\\\functions\\\\node_modules\\\\firebase-admin\\\\lib\\\\index.js\"}}"}}
[debug] [2021-03-18T13:52:08.678Z] [runtime-status] [15792] Trigger "searchFunction" has been found, beginning invocation! {"metadata":{"emulator":{"name":"functions"},"function":{"name":"searchFunction"},"message":"[runtime-status] [15792] Trigger \"searchFunction\" has been found, beginning invocation!"}}
[info] i  functions: Beginning execution of "searchFunction" {"metadata":{"emulator":{"name":"functions"},"function":{"name":"searchFunction"},"message":"Beginning execution of \"searchFunction\""}}
[debug] [2021-03-18T13:52:08.680Z] [runtime-status] [15792] triggerDefinition {"httpsTrigger":{},"name":"searchFunction","entryPoint":"searchFunction"} {"metadata":{"emulator":{"name":"functions"},"function":{"name":"searchFunction"},"message":"[runtime-status] [15792] triggerDefinition {\"httpsTrigger\":{},\"name\":\"searchFunction\",\"entryPoint\":\"searchFunction\"}"}}
[debug] [2021-03-18T13:52:08.681Z] [runtime-status] [15792] Running searchFunction in mode HTTPS {"metadata":{"emulator":{"name":"functions"},"function":{"name":"searchFunction"},"message":"[runtime-status] [15792] Running searchFunction in mode HTTPS"}}
[debug] [2021-03-18T13:52:08.686Z] [runtime-status] [15792] Attempting to listen to socketPath: \\?\pipe\D:\JavaScript Course\firebase-functions\frontend-search-app\functions\15792 {"metadata":{"emulator":{"name":"functions"},"function":{"name":"searchFunction"},"message":"[runtime-status] [15792] Attempting to listen to socketPath: \\\\?\\pipe\\D:\\JavaScript Course\\firebase-functions\\frontend-search-app\\functions\\15792"}}
[debug] [2021-03-18T13:52:08.692Z] [functions] Runtime ready! Sending request! {"metadata":{"emulator":{"name":"functions"},"message":"[functions] Runtime ready! Sending request!"}}
[debug] [2021-03-18T13:52:08.693Z] [functions] Got req.url=/search-app-e9578/us-central1/searchFunction, mapping to path=/ {"metadata":{"emulator":{"name":"functions"},"message":"[functions] Got req.url=/search-app-e9578/us-central1/searchFunction, mapping to path=/"}}
[debug] [2021-03-18T13:52:08.700Z] [runtime-status] [15792] Ephemeral server handling GET request {"metadata":{"emulator":{"name":"functions"},"function":{"name":"searchFunction"},"message":"[runtime-status] [15792] Ephemeral server handling GET request"}}
[info] >  {"structuredData":true,"severity":"INFO","message":"Hello logs!"} {"user":{"structuredData":true,"severity":"INFO","message":"Hello logs!"},"metadata":{"emulator":{"name":"functions"},"function":{"name":"searchFunction"},"message":"\u001b[90m> \u001b[39m {\"structuredData\":true,\"severity\":\"INFO\",\"message\":\"Hello logs!\"}"}}
[debug] [2021-03-18T13:52:08.711Z] [runtime-status] [15792] Ephemeral server survived. {"metadata":{"emulator":{"name":"functions"},"function":{"name":"searchFunction"},"message":"[runtime-status] [15792] Ephemeral server survived."}}
[info] i  functions: Finished "searchFunction" in ~1s {"metadata":{"emulator":{"name":"functions"},"function":{"name":"searchFunction"},"message":"Finished \"searchFunction\" in ~1s"}}
[debug] [2021-03-18T13:52:08.718Z] [worker-searchFunction-598763ce-6bc9-45d0-b791-397ab488caf4]: IDLE {"metadata":{"emulator":{"name":"functions"},"message":"[worker-searchFunction-598763ce-6bc9-45d0-b791-397ab488caf4]: IDLE"}}
[debug] [2021-03-18T13:52:08.719Z] [work-queue] {"queueLength":0,"workRunningCount":0}
[debug] [2021-03-18T13:52:08.891Z] Functions emulator received unknown request at path /favicon.ico
[debug] [2021-03-18T13:53:05.560Z] File D:\JavaScript Course\firebase-functions\frontend-search-app\functions\index.js changed, reloading triggers {"metadata":{"emulator":{"name":"functions"},"message":"File D:\\JavaScript Course\\firebase-functions\\frontend-search-app\\functions\\index.js changed, reloading triggers"}}
